1534365264.885289 client started (19413): version 2.7, socket /tmp/tmux-1000/default, protocol 8
1534365264.885354 on Linux 4.14.48-2-MANJARO #1 SMP PREEMPT Fri Jun 8 20:41:40 UTC 2018; libevent 2.1.8-stable (poll)
1534365264.885446 socket is /tmp/tmux-1000/default
1534365264.885496 trying connect
1534365264.885529 connect failed: Connection refused
1534365264.885552 lock file is /tmp/tmux-1000/default.lock
1534365264.885589 flock succeeded
1534365264.885599 got lock (6)
1534365264.885612 trying connect
1534365264.885630 connect failed: Connection refused
1534365264.886077 add peer 0x558b28cdc8d0: 7 ((nil))
1534365264.886322 sending message 100 to peer 0x558b28cdc8d0 (4 bytes)
1534365264.886347 sending message 101 to peer 0x558b28cdc8d0 (12 bytes)
1534365264.886360 sending message 102 to peer 0x558b28cdc8d0 (11 bytes)
1534365264.886370 sending message 108 to peer 0x558b28cdc8d0 (15 bytes)
1534365264.886389 sending message 104 to peer 0x558b28cdc8d0 (0 bytes)
1534365264.886402 sending message 107 to peer 0x558b28cdc8d0 (4 bytes)
1534365264.886412 sending message 105 to peer 0x558b28cdc8d0 (39 bytes)
1534365264.886423 sending message 105 to peer 0x558b28cdc8d0 (27 bytes)
1534365264.886433 sending message 105 to peer 0x558b28cdc8d0 (21 bytes)
1534365264.886443 sending message 105 to peer 0x558b28cdc8d0 (24 bytes)
1534365264.886453 sending message 105 to peer 0x558b28cdc8d0 (17 bytes)
1534365264.886463 sending message 105 to peer 0x558b28cdc8d0 (11 bytes)
1534365264.886473 sending message 105 to peer 0x558b28cdc8d0 (18 bytes)
1534365264.886483 sending message 105 to peer 0x558b28cdc8d0 (21 bytes)
1534365264.886492 sending message 105 to peer 0x558b28cdc8d0 (20 bytes)
1534365264.886502 sending message 105 to peer 0x558b28cdc8d0 (11 bytes)
1534365264.886511 sending message 105 to peer 0x558b28cdc8d0 (20 bytes)
1534365264.886521 sending message 105 to peer 0x558b28cdc8d0 (18 bytes)
1534365264.886531 sending message 105 to peer 0x558b28cdc8d0 (48 bytes)
1534365264.886583 sending message 105 to peer 0x558b28cdc8d0 (10 bytes)
1534365264.886595 sending message 105 to peer 0x558b28cdc8d0 (132 bytes)
1534365264.886606 sending message 105 to peer 0x558b28cdc8d0 (19 bytes)
1534365264.886615 sending message 105 to peer 0x558b28cdc8d0 (13 bytes)
1534365264.886625 sending message 105 to peer 0x558b28cdc8d0 (36 bytes)
1534365264.886635 sending message 105 to peer 0x558b28cdc8d0 (27 bytes)
1534365264.886645 sending message 105 to peer 0x558b28cdc8d0 (19 bytes)
1534365264.886655 sending message 105 to peer 0x558b28cdc8d0 (16 bytes)
1534365264.886665 sending message 105 to peer 0x558b28cdc8d0 (26 bytes)
1534365264.886675 sending message 105 to peer 0x558b28cdc8d0 (21 bytes)
1534365264.886684 sending message 105 to peer 0x558b28cdc8d0 (23 bytes)
1534365264.886694 sending message 105 to peer 0x558b28cdc8d0 (23 bytes)
1534365264.886704 sending message 105 to peer 0x558b28cdc8d0 (23 bytes)
1534365264.886713 sending message 105 to peer 0x558b28cdc8d0 (18 bytes)
1534365264.886723 sending message 105 to peer 0x558b28cdc8d0 (32 bytes)
1534365264.886738 sending message 105 to peer 0x558b28cdc8d0 (26 bytes)
1534365264.886748 sending message 105 to peer 0x558b28cdc8d0 (17 bytes)
1534365264.886758 sending message 105 to peer 0x558b28cdc8d0 (16 bytes)
1534365264.886767 sending message 105 to peer 0x558b28cdc8d0 (52 bytes)
1534365264.886777 sending message 105 to peer 0x558b28cdc8d0 (23 bytes)
1534365264.886787 sending message 105 to peer 0x558b28cdc8d0 (8 bytes)
1534365264.886797 sending message 105 to peer 0x558b28cdc8d0 (15 bytes)
1534365264.886807 sending message 105 to peer 0x558b28cdc8d0 (19 bytes)
1534365264.886816 sending message 105 to peer 0x558b28cdc8d0 (25 bytes)
1534365264.886826 sending message 105 to peer 0x558b28cdc8d0 (14 bytes)
1534365264.886836 sending message 105 to peer 0x558b28cdc8d0 (33 bytes)
1534365264.886846 sending message 105 to peer 0x558b28cdc8d0 (13 bytes)
1534365264.886856 sending message 105 to peer 0x558b28cdc8d0 (54 bytes)
1534365264.886866 sending message 105 to peer 0x558b28cdc8d0 (31 bytes)
1534365264.886876 sending message 105 to peer 0x558b28cdc8d0 (34 bytes)
1534365264.886906 sending message 105 to peer 0x558b28cdc8d0 (58 bytes)
1534365264.886923 sending message 105 to peer 0x558b28cdc8d0 (134 bytes)
1534365264.886933 sending message 105 to peer 0x558b28cdc8d0 (30 bytes)
1534365264.886943 sending message 105 to peer 0x558b28cdc8d0 (20 bytes)
1534365264.886953 sending message 105 to peer 0x558b28cdc8d0 (16 bytes)
1534365264.886964 sending message 106 to peer 0x558b28cdc8d0 (0 bytes)
1534365264.886976 sending message 200 to peer 0x558b28cdc8d0 (4 bytes)
1534365264.886986 client loop enter
1534365264.909302 peer 0x558b28cdc8d0 message 207
1534365264.909325 sending message 208 to peer 0x558b28cdc8d0 (0 bytes)
1534365266.827746 peer 0x558b28cdc8d0 message 203
1534365266.827784 sending message 205 to peer 0x558b28cdc8d0 (0 bytes)
1534365266.828417 peer 0x558b28cdc8d0 message 204
1534365266.828451 client loop exit
